<?xml version="1.0" encoding="UTF-8"?>
<coverage generated="1681242323026" clover="3.2.0">
  <project timestamp="1681242323026" name="All files">
    <metrics statements="3" coveredstatements="3" conditionals="0" coveredconditionals="0" methods="3" coveredmethods="2" elements="6" coveredelements="5" complexity="0" loc="3" ncloc="3" packages="1" files="2" classes="2"/>
    <file name="02-template-string.ts" path="C:\Users\Xiza\Documents\CodesD\unit-test-react\src\base-pruebas\02-template-string.ts">
      <metrics statements="1" coveredstatements="1" conditionals="0" coveredconditionals="0" methods="1" coveredmethods="1"/>
      <line num="2" count="1" type="stmt"/>
    </file>
    <file name="05-funciones.ts" path="C:\Users\Xiza\Documents\CodesD\unit-test-react\src\base-pruebas\05-funciones.ts">
      <metrics statements="2" coveredstatements="2" conditionals="0" coveredconditionals="0" methods="2" coveredmethods="1"/>
      <line num="1" count="1" type="stmt"/>
      <line num="6" count="1" type="stmt"/>
    </file>
  </project>
</coverage>
