{"C:\\Users\\Xiza\\Documents\\CodesD\\unit-test-react\\src\\base-pruebas\\02-template-string.ts": {"path":"C:\\Users\\Xiza\\Documents\\CodesD\\unit-test-react\\src\\base-pruebas\\02-template-string.ts","statementMap":{"0":{"start":{"line":2,"column":2},"end":{"line":2,"column":26}}},"fnMap":{"0":{"name":"getSaludo","decl":{"start":{"line":1,"column":16},"end":{"line":1,"column":25}},"loc":{"start":{"line":1,"column":42},"end":{"line":3,"column":1}},"line":1}},"branchMap":{},"s":{"0":1},"f":{"0":1},"b":{},"_coverageSchema":"1a1c01bbd47fc00a2c39e90264f33305004495a9","hash":"de5c99c7a1844ad15cd2ed36797e6b98c58c0594"}
,"C:\\Users\\Xiza\\Documents\\CodesD\\unit-test-react\\src\\base-pruebas\\05-funciones.ts": {"path":"C:\\Users\\Xiza\\Documents\\CodesD\\unit-test-react\\src\\base-pruebas\\05-funciones.ts","statementMap":{"0":{"start":{"line":1,"column":23},"end":{"line":4,"column":2}},"1":{"start":{"line":1,"column":30},"end":{"line":4,"column":1}},"2":{"start":{"line":6,"column":32},"end":{"line":9,"column":2}},"3":{"start":{"line":6,"column":53},"end":{"line":9,"column":1}}},"fnMap":{"0":{"name":"(anonymous_0)","decl":{"start":{"line":1,"column":23},"end":{"line":1,"column":24}},"loc":{"start":{"line":1,"column":30},"end":{"line":4,"column":1}},"line":1},"1":{"name":"(anonymous_1)","decl":{"start":{"line":6,"column":32},"end":{"line":6,"column":33}},"loc":{"start":{"line":6,"column":53},"end":{"line":9,"column":1}},"line":6}},"branchMap":{},"s":{"0":1,"1":1,"2":1,"3":0},"f":{"0":1,"1":0},"b":{},"_coverageSchema":"1a1c01bbd47fc00a2c39e90264f33305004495a9","hash":"c974abaf834bdace4f9f85768dfea57324ce84a6"}
}
